# JRE version: OpenJDK Runtime Environment (8.0_112-b06) (build 1.8.0_112-release-b06)
# Java VM: OpenJDK 64-Bit Server VM (25.112-b06 mixed mode windows-amd64 compressed oops)
Heap:
 PSYoungGen      total 153088K, used 115167K [0x00000000eab00000, 0x00000000fd600000, 0x0000000100000000)
  eden space 131584K, 87% used [0x00000000eab00000,0x00000000f1b77f50,0x00000000f2b80000)
  from space 21504K, 0% used [0x00000000f4080000,0x00000000f4080000,0x00000000f5580000)
  to   space 21504K, 0% used [0x00000000f2b80000,0x00000000f2b80000,0x00000000f4080000)
 ParOldGen       total 349696K, used 6952K [0x00000000c0000000, 0x00000000d5580000, 0x00000000eab00000)
  object space 349696K, 1% used [0x00000000c0000000,0x00000000c06ca040,0x00000000d5580000)
 Metaspace       used 30321K, capacity 30872K, committed 31232K, reserved 1077248K
  class space    used 4068K, capacity 4246K, committed 4352K, reserved 1048576K
GC Heap History (6 events):
Event: 16.917 GC heap before
{Heap before GC invocations=1 (full 0):
 PSYoungGen      total 153088K, used 131584K [0x00000000eab00000, 0x00000000f5580000, 0x0000000100000000)
  eden space 131584K, 100% used [0x00000000eab00000,0x00000000f2b80000,0x00000000f2b80000)
  from space 21504K, 0% used [0x00000000f4080000,0x00000000f4080000,0x00000000f5580000)
  to   space 21504K, 0% used [0x00000000f2b80000,0x00000000f2b80000,0x00000000f4080000)
 ParOldGen       total 349696K, used 0K [0x00000000c0000000, 0x00000000d5580000, 0x00000000eab00000)
  object space 349696K, 0% used [0x00000000c0000000,0x00000000c0000000,0x00000000d5580000)
 Metaspace       used 20453K, capacity 20880K, committed 21120K, reserved 1067008K
  class space    used 2760K, capacity 2914K, committed 2944K, reserved 1048576K
Event: 16.993 GC heap after
Heap after GC invocations=1 (full 0):
 PSYoungGen      total 153088K, used 16358K [0x00000000eab00000, 0x00000000f5580000, 0x0000000100000000)
  eden space 131584K, 0% used [0x00000000eab00000,0x00000000eab00000,0x00000000f2b80000)
  from space 21504K, 76% used [0x00000000f2b80000,0x00000000f3b79bb8,0x00000000f4080000)
  to   space 21504K, 0% used [0x00000000f4080000,0x00000000f4080000,0x00000000f5580000)
 ParOldGen       total 349696K, used 16K [0x00000000c0000000, 0x00000000d5580000, 0x00000000eab00000)
  object space 349696K, 0% used [0x00000000c0000000,0x00000000c0004000,0x00000000d5580000)
 Metaspace       used 20453K, capacity 20880K, committed 21120K, reserved 1067008K
  class space    used 2760K, capacity 2914K, committed 2944K, reserved 1048576K
}
Event: 17.105 GC heap before
{Heap before GC invocations=2 (full 0):
 PSYoungGen      total 153088K, used 25405K [0x00000000eab00000, 0x00000000f5580000, 0x0000000100000000)
  eden space 131584K, 6% used [0x00000000eab00000,0x00000000eb3d5938,0x00000000f2b80000)
  from space 21504K, 76% used [0x00000000f2b80000,0x00000000f3b79bb8,0x00000000f4080000)
  to   space 21504K, 0% used [0x00000000f4080000,0x00000000f4080000,0x00000000f5580000)
 ParOldGen       total 349696K, used 16K [0x00000000c0000000, 0x00000000d5580000, 0x00000000eab00000)
  object space 349696K, 0% used [0x00000000c0000000,0x00000000c0004000,0x00000000d5580000)
 Metaspace       used 20708K, capacity 21142K, committed 21296K, reserved 1067008K
  class space    used 2791K, capacity 2916K, committed 2944K, reserved 1048576K
Event: 17.116 GC heap after
Heap after GC invocations=2 (full 0):
 PSYoungGen      total 153088K, used 7061K [0x00000000eab00000, 0x00000000fd600000, 0x0000000100000000)
  eden space 131584K, 0% used [0x00000000eab00000,0x00000000eab00000,0x00000000f2b80000)
  from space 21504K, 32% used [0x00000000f4080000,0x00000000f4765630,0x00000000f5580000)
  to   space 21504K, 0% used [0x00000000f2b80000,0x00000000f2b80000,0x00000000f4080000)
 ParOldGen       total 349696K, used 24K [0x00000000c0000000, 0x00000000d5580000, 0x00000000eab00000)
  object space 349696K, 0% used [0x00000000c0000000,0x00000000c0006000,0x00000000d5580000)
 Metaspace       used 20708K, capacity 21142K, committed 21296K, reserved 1067008K
  class space    used 2791K, capacity 2916K, committed 2944K, reserved 1048576K
}
Event: 17.116 GC heap before
{Heap before GC invocations=3 (full 1):
 PSYoungGen      total 153088K, used 7061K [0x00000000eab00000, 0x00000000fd600000, 0x0000000100000000)
  eden space 131584K, 0% used [0x00000000eab00000,0x00000000eab00000,0x00000000f2b80000)
  from space 21504K, 32% used [0x00000000f4080000,0x00000000f4765630,0x00000000f5580000)
  to   space 21504K, 0% used [0x00000000f2b80000,0x00000000f2b80000,0x00000000f4080000)
 ParOldGen       total 349696K, used 24K [0x00000000c0000000, 0x00000000d5580000, 0x00000000eab00000)
  object space 349696K, 0% used [0x00000000c0000000,0x00000000c0006000,0x00000000d5580000)
 Metaspace       used 20708K, capacity 21142K, committed 21296K, reserved 1067008K
  class space    used 2791K, capacity 2916K, committed 2944K, reserved 1048576K
Event: 17.181 GC heap after
Heap after GC invocations=3 (full 1):
 PSYoungGen      total 153088K, used 0K [0x00000000eab00000, 0x00000000fd600000, 0x0000000100000000)
  eden space 131584K, 0% used [0x00000000eab00000,0x00000000eab00000,0x00000000f2b80000)
  from space 21504K, 0% used [0x00000000f4080000,0x00000000f4080000,0x00000000f5580000)
  to   space 21504K, 0% used [0x00000000f2b80000,0x00000000f2b80000,0x00000000f4080000)
 ParOldGen       total 349696K, used 6952K [0x00000000c0000000, 0x00000000d5580000, 0x00000000eab00000)
  object space 349696K, 1% used [0x00000000c0000000,0x00000000c06ca040,0x00000000d5580000)
 Metaspace       used 20708K, capacity 21142K, committed 21296K, reserved 1067008K
  class space    used 2791K, capacity 2916K, committed 2944K, reserved 1048576K
}

